{"name": "Проверяем кнопку \"Заказать\" вверху страницы", "status": "broken", "statusDetails": {"message": "selenium.common.exceptions.TimeoutException: Message: \nStacktrace:\nRemoteError@chrome://remote/content/shared/RemoteError.sys.mjs:8:8\nWebDriverError@chrome://remote/content/shared/webdriver/Errors.sys.mjs:197:5\nNoSuchElementError@chrome://remote/content/shared/webdriver/Errors.sys.mjs:527:5\ndom.find/</<@chrome://remote/content/shared/DOM.sys.mjs:136:16", "trace": "self = <test_order.TestOrder object at 0x000001FFD6FB9590>\ndriver = <selenium.webdriver.firefox.webdriver.WebDriver (session=\"4d5f107f-b79e-421f-aa55-9e1afc7a77e3\")>\norder_data = {'address': 'Сказочный лес 7', 'color': [1], 'comment_for_courier': 'А можно скидку?', 'date': '01.03.2025', ...}\n\n    @allure.title('Проверяем кнопку \"Заказать\" вверху страницы')\n    @allure.description(\n        'Проверяем, что при корректном заполнении данных и нажатии на кнопку \"Заказать\", '\n        'происходит успешное оформление заказа, открывается модальное окно с подтверждением об успешном заказе. Проверяем точку входа в сценарий: \"Заказать\" внизу страницы'\n    )\n    \n    @allure.step('Заполнение 2-го набора данных')\n    @pytest.mark.parametrize(\"order_data\", [ClientOrderData.order_details['second_order_set']])\n    def test_order_bottom_button(self, driver, order_data):\n        main_page = MainPage(driver)\n        main_page.click_cookie_accept()\n        main_page.click_order_button_bottom()\n        order_page = OrderPage(driver)\n        order_page.fill_order_form(\n            order_data['first_name'],\n            order_data['last_name'],\n            order_data['address'],\n            order_data['subway'],\n            order_data['telephone_number'],\n            order_data['date'],\n            order_data['rental_period'],\n            order_data['color'][0],\n            order_data['comment_for_courier']\n        )\n        order_page.click_order_button()\n        order_page.click_accept_order_yes()\n        order_page.get_order_number()\n        order_page.click_see_order_status()\n>       order_page.check_content_order_page()\n\ntests\\test_order.py:69: \n_ _ _ _ _ _ _ _ _ _ _ _ _ _ _ _ _ _ _ _ _ _ _ _ _ _ _ _ _ _ _ _ _ _ _ _ _ _ _ _ _ _ _ _ _ _ _ _ _ _ _ _ _ _ _ _ _ _ _ _ \npages\\order_page.py:61: in check_content_order_page\n    element = WebDriverWait(self.driver, 10).until(EC.presence_of_element_located(OrderPageLocators.scooter_in_stock))\n_ _ _ _ _ _ _ _ _ _ _ _ _ _ _ _ _ _ _ _ _ _ _ _ _ _ _ _ _ _ _ _ _ _ _ _ _ _ _ _ _ _ _ _ _ _ _ _ _ _ _ _ _ _ _ _ _ _ _ _ \n\nself = <selenium.webdriver.support.wait.WebDriverWait (session=\"4d5f107f-b79e-421f-aa55-9e1afc7a77e3\")>\nmethod = <function presence_of_element_located.<locals>._predicate at 0x000001FFD701CF40>, message = ''\n\n    def until(self, method: Callable[[D], Union[Literal[False], T]], message: str = \"\") -> T:\n        \"\"\"Wait until the method returns a value that is not False.\n    \n        Calls the method provided with the driver as an argument until the\n        return value does not evaluate to ``False``.\n    \n        Parameters:\n        ----------\n        method: callable(WebDriver)\n            - A callable object that takes a WebDriver instance as an argument.\n    \n        message: str\n            - Optional message for :exc:`TimeoutException`\n    \n        Return:\n        -------\n        object: T\n            - The result of the last call to `method`\n    \n        Raises:\n        -------\n        TimeoutException\n            - If 'method' does not return a truthy value within the WebDriverWait\n            object's timeout\n    \n        Example:\n        --------\n        >>> from selenium.webdriver.common.by import By\n        >>> from selenium.webdriver.support.ui import WebDriverWait\n        >>> from selenium.webdriver.support import expected_conditions as EC\n    \n        # Wait until an element is visible on the page\n        >>> wait = WebDriverWait(driver, 10)\n        >>> element = wait.until(EC.visibility_of_element_located((By.ID, \"exampleId\")))\n        >>> print(element.text)\n        \"\"\"\n        screen = None\n        stacktrace = None\n    \n        end_time = time.monotonic() + self._timeout\n        while True:\n            try:\n                value = method(self._driver)\n                if value:\n                    return value\n            except self._ignored_exceptions as exc:\n                screen = getattr(exc, \"screen\", None)\n                stacktrace = getattr(exc, \"stacktrace\", None)\n            if time.monotonic() > end_time:\n                break\n            time.sleep(self._poll)\n>       raise TimeoutException(message, screen, stacktrace)\nE       selenium.common.exceptions.TimeoutException: Message: \nE       Stacktrace:\nE       RemoteError@chrome://remote/content/shared/RemoteError.sys.mjs:8:8\nE       WebDriverError@chrome://remote/content/shared/webdriver/Errors.sys.mjs:197:5\nE       NoSuchElementError@chrome://remote/content/shared/webdriver/Errors.sys.mjs:527:5\nE       dom.find/</<@chrome://remote/content/shared/DOM.sys.mjs:136:16\n\n.venv\\Lib\\site-packages\\selenium\\webdriver\\support\\wait.py:146: TimeoutException"}, "description": "Проверяем, что при корректном заполнении данных и нажатии на кнопку \"Заказать\", происходит успешное оформление заказа, открывается модальное окно с подтверждением об успешном заказе. Проверяем точку входа в сценарий: \"Заказать\" внизу страницы", "steps": [{"name": "Заполнение 2-го набора данных", "status": "broken", "statusDetails": {"message": "selenium.common.exceptions.TimeoutException: Message: \nStacktrace:\nRemoteError@chrome://remote/content/shared/RemoteError.sys.mjs:8:8\nWebDriverError@chrome://remote/content/shared/webdriver/Errors.sys.mjs:197:5\nNoSuchElementError@chrome://remote/content/shared/webdriver/Errors.sys.mjs:527:5\ndom.find/</<@chrome://remote/content/shared/DOM.sys.mjs:136:16\n\n", "trace": "  File \"C:\\Users\\User\\PycharmProjects\\Sprint_6\\.venv\\Lib\\site-packages\\allure_commons\\_allure.py\", line 192, in impl\n    return func(*a, **kw)\n  File \"C:\\Users\\User\\PycharmProjects\\Sprint_6\\tests\\test_order.py\", line 69, in test_order_bottom_button\n    order_page.check_content_order_page()\n    ~~~~~~~~~~~~~~~~~~~~~~~~~~~~~~~~~~~^^\n  File \"C:\\Users\\User\\PycharmProjects\\Sprint_6\\.venv\\Lib\\site-packages\\allure_commons\\_allure.py\", line 192, in impl\n    return func(*a, **kw)\n  File \"C:\\Users\\User\\PycharmProjects\\Sprint_6\\pages\\order_page.py\", line 61, in check_content_order_page\n    element = WebDriverWait(self.driver, 10).until(EC.presence_of_element_located(OrderPageLocators.scooter_in_stock))\n  File \"C:\\Users\\User\\PycharmProjects\\Sprint_6\\.venv\\Lib\\site-packages\\selenium\\webdriver\\support\\wait.py\", line 146, in until\n    raise TimeoutException(message, screen, stacktrace)\n"}, "steps": [{"name": "Принятие cookie", "status": "passed", "start": 1740598586610, "stop": 1740598587165}, {"name": "Кнопка заказа внизу страницы", "status": "passed", "start": 1740598587165, "stop": 1740598587625}, {"name": "Заполняем форму заказа", "status": "passed", "parameters": [{"name": "first_name", "value": "'Питер'"}, {"name": "last_name", "value": "'Пэн'"}, {"name": "address", "value": "'Сказочный лес 7'"}, {"name": "subway", "value": "'Лубянка'"}, {"name": "telephone", "value": "'75258497877'"}, {"name": "date", "value": "'01.03.2025'"}, {"name": "rental_period", "value": "2"}, {"name": "color", "value": "1"}, {"name": "comment_for_courier", "value": "'А можно скидку?'"}], "start": 1740598587626, "stop": 1740598592840}, {"name": "Нажимаем \"Заказать\"", "status": "passed", "start": 1740598592840, "stop": 1740598593115}, {"name": "Подтвердить заказ-ДА", "status": "passed", "start": 1740598593116, "stop": 1740598594433}, {"name": "Номер заказа", "status": "passed", "start": 1740598594433, "stop": 1740598594480}, {"name": "Видим статус заказа", "status": "passed", "start": 1740598594481, "stop": 1740598594786}, {"name": "Проверка контента о заказе: \"Самокат на складе\". Кнопка \"Отменить заказ\" присутствует", "status": "broken", "statusDetails": {"message": "selenium.common.exceptions.TimeoutException: Message: \nStacktrace:\nRemoteError@chrome://remote/content/shared/RemoteError.sys.mjs:8:8\nWebDriverError@chrome://remote/content/shared/webdriver/Errors.sys.mjs:197:5\nNoSuchElementError@chrome://remote/content/shared/webdriver/Errors.sys.mjs:527:5\ndom.find/</<@chrome://remote/content/shared/DOM.sys.mjs:136:16\n\n", "trace": "  File \"C:\\Users\\User\\PycharmProjects\\Sprint_6\\.venv\\Lib\\site-packages\\allure_commons\\_allure.py\", line 192, in impl\n    return func(*a, **kw)\n  File \"C:\\Users\\User\\PycharmProjects\\Sprint_6\\pages\\order_page.py\", line 61, in check_content_order_page\n    element = WebDriverWait(self.driver, 10).until(EC.presence_of_element_located(OrderPageLocators.scooter_in_stock))\n  File \"C:\\Users\\User\\PycharmProjects\\Sprint_6\\.venv\\Lib\\site-packages\\selenium\\webdriver\\support\\wait.py\", line 146, in until\n    raise TimeoutException(message, screen, stacktrace)\n"}, "start": 1740598594786, "stop": 1740598605106}], "parameters": [{"name": "driver", "value": "<selenium.webdriver.firefox.webdriver.WebDriver (session=\"4d5f107f-b79e-421f-aa55-9e1afc7a77e3\")>"}, {"name": "order_data", "value": "{'first_name': 'Питер', 'last_name': 'Пэн', 'address': 'Сказочный лес 7', 'subway': 'Лубянка', 'telephone_number': '75258497877', 'date': '01.03.2025', 'rental_period': 2, 'color': [1], 'comment_for_courier': 'А можно скидку?'}"}], "start": 1740598586610, "stop": 1740598606165}], "parameters": [{"name": "order_data", "value": "{'first_name': 'Питер', 'last_name': 'Пэн', 'address': 'Сказочный лес 7', 'subway': 'Лубянка', 'telephone_number': '75258497877', 'date': '01.03.2025', 'rental_period': 2, 'color': [1], 'comment_for_courier': 'А можно скидку?'}"}], "start": 1740598586608, "stop": 1740598606204, "uuid": "9b015e92-f475-49b6-8ebe-a419f8f4308f", "historyId": "684d0b1c1a0e0d2b12d1bb649f0a45df", "testCaseId": "f62f73c1d461ff3eba8170f6aa93a765", "fullName": "tests.test_order.TestOrder#test_order_bottom_button", "labels": [{"name": "parentSuite", "value": "tests"}, {"name": "suite", "value": "test_order"}, {"name": "subSuite", "value": "TestOrder"}, {"name": "host", "value": "DESKTOP-7VMBUT4"}, {"name": "thread", "value": "13968-MainThread"}, {"name": "framework", "value": "pytest"}, {"name": "language", "value": "cpython3"}, {"name": "package", "value": "tests.test_order"}]}